<?xml version="1.0" encoding="UTF-8"?>
<testng-results ignored="0" total="2" passed="2" failed="0" skipped="0">
  <reporter-output>
  </reporter-output>
  <suite started-at="2022-02-21T11:53:37 IST" name="Suite" finished-at="2022-02-21T11:54:24 IST" duration-ms="46502">
    <groups>
    </groups>
    <test started-at="2022-02-21T11:53:37 IST" name="Test" finished-at="2022-02-21T11:54:24 IST" duration-ms="46502">
      <class name="com.qkm1.ios.IOS">
        <test-method is-config="true" signature="startDriver()[pri:0, instance:com.qkm1.ios.IOS@574b560f]" started-at="2022-02-21T11:53:37 IST" name="startDriver" finished-at="2022-02-21T11:53:50 IST" duration-ms="12262" status="PASS">
          <reporter-output>
          </reporter-output>
        </test-method> <!-- startDriver -->
        <test-method signature="test_01()[pri:0, instance:com.qkm1.ios.IOS@574b560f]" started-at="2022-02-21T11:53:50 IST" name="test_01" finished-at="2022-02-21T11:54:00 IST" duration-ms="10637" status="PASS">
          <reporter-output>
          </reporter-output>
        </test-method> <!-- test_01 -->
        <test-method signature="test_02()[pri:0, instance:com.qkm1.ios.IOS@574b560f]" started-at="2022-02-21T11:54:00 IST" name="test_02" finished-at="2022-02-21T11:54:23 IST" duration-ms="22479" status="PASS">
          <reporter-output>
          </reporter-output>
        </test-method> <!-- test_02 -->
        <test-method is-config="true" signature="quitDriver()[pri:0, instance:com.qkm1.ios.IOS@574b560f]" started-at="2022-02-21T11:54:23 IST" name="quitDriver" finished-at="2022-02-21T11:54:24 IST" duration-ms="1089" status="PASS">
          <reporter-output>
          </reporter-output>
        </test-method> <!-- quitDriver -->
      </class> <!-- com.qkm1.ios.IOS -->
    </test> <!-- Test -->
  </suite> <!-- Suite -->
</testng-results>
